<?xml version="1.0" encoding="UTF-8"?>
<!-- Generated by org.testng.reporters.JUnitReportReporter -->
<testsuite hostname="VI209570" failures="0" tests="3" name="Library_API.DynamicJson" time="4.702" errors="0" timestamp="08 Oct 2021 16:34:57 GMT" skipped="0">
  <testcase classname="Library_API.DynamicJson" name="addBook" time="0.369"/>
  <testcase classname="Library_API.DynamicJson" name="addBook" time="0.418"/>
  <testcase classname="Library_API.DynamicJson" name="addBook" time="3.915"/>
</testsuite> <!-- Library_API.DynamicJson -->
