<?xml version="1.0" encoding="UTF-8"?>
<!-- Generated by org.testng.reporters.JUnitReportReporter -->
<testsuite hostname="VI209570" failures="0" tests="1" name="JIRA.JIRA_Test" time="3.524" errors="0" timestamp="09 Oct 2021 14:09:59 GMT" skipped="0">
  <testcase classname="JIRA.JIRA_Test" name="jiraTest" time="3.524"/>
</testsuite> <!-- JIRA.JIRA_Test -->
