<?xml version="1.0" encoding="UTF-8"?>
<!-- Generated by org.testng.reporters.JUnitReportReporter -->
<testsuite hostname="VI209570" failures="0" tests="1" name="Library_API.UsingJsonFile" time="4.371" errors="0" timestamp="08 Oct 2021 16:50:52 GMT" skipped="0">
  <testcase classname="Library_API.UsingJsonFile" name="usingExternalJsonFile" time="4.371"/>
</testsuite> <!-- Library_API.UsingJsonFile -->
